[09:16:42] === daum-rerun-precise 시작: all ===
[09:16:42] === samseong: 의심 637개, 완료 0개 ===
[09:16:45]   [1/637] 논두렁오리주물럭 선릉직영점: pid=1367362615 rt=4.3 cnt=82
[09:16:49]   [2/637] 회초리씨푸드 대치점: pid=450711124 rt=4.3 cnt=82
[09:16:58]   [4/637] 바오로흑염소 선릉점: pid=783257216 rt=4.8 cnt=62
[09:17:04]   [6/637] 몰튼스 더 스테이크하우스: pid=1155927787 rt=4.4 cnt=285
[09:17:08]   [7/637] 제주덕구 삼성점: pid=486605867 rt=4.4 cnt=285
[09:18:45]   체크포인트 30/637, 누적 갱신 18
[09:20:48]   [60/637] 김치옥 대치점: pid=125423751 rt=4.3 cnt=82
[09:20:48]   체크포인트 60/637, 누적 갱신 38
[09:24:59]   [120/637] 커피바 힘: pid=2083660677 rt=4.4 cnt=285
[09:24:59]   체크포인트 120/637, 누적 갱신 80
[09:27:00]   체크포인트 150/637, 누적 갱신 100
[09:29:04]   [180/637] 도명골 청국장: pid=2130836465 rt=4.4 cnt=285
[09:29:05]   체크포인트 180/637, 누적 갱신 122
[09:30:37]   [200/637] 윈스커피: pid=383764681 rt=4.4 cnt=285
[09:31:21]   체크포인트 210/637, 누적 갱신 145
[09:33:30]   체크포인트 240/637, 누적 갱신 162
[09:34:49]   [260/637] 김피라 스타필드 코엑스점: pid=270896623 rt=4.4 cnt=285
[09:35:32]   체크포인트 270/637, 누적 갱신 183
[09:36:19]   [280/637] 멜팅샵 치즈룸 파르나스몰: pid=1568052244 rt=4.4 cnt=285
[09:37:51]   [300/637] 더맛있는족발보쌈 선릉본점: pid=1131190453 rt=4.3 cnt=82
[09:37:51]   체크포인트 300/637, 누적 갱신 211
[09:39:19]   [320/637] 오발탄 삼성점: pid=1456391705 rt=4.4 cnt=285
[09:40:03]   체크포인트 330/637, 누적 갱신 236
[09:40:47]   [340/637] 목삼정: pid=1576355666 rt=4.3 cnt=82
[09:42:19]   [360/637] 트라가 삼성점: pid=1465231347 rt=4.4 cnt=285
[09:42:19]   체크포인트 360/637, 누적 갱신 262
[09:43:41]   [380/637] 바이킹스워프 코엑스점: pid=1986314222 rt=4.4 cnt=285
[09:44:29]   체크포인트 390/637, 누적 갱신 284
[09:45:15]   [400/637] 커피빈 삼성봉은사로점: pid=12119146 rt=4.4 cnt=285
[09:46:46]   [420/637] 스트릿 파르나스몰점: pid=4429619 rt=4.4 cnt=285
[09:46:47]   체크포인트 420/637, 누적 갱신 313
[09:49:01]   체크포인트 450/637, 누적 갱신 339
[09:49:41]   [460/637] 그랜드 인터컨티넨탈 히노츠키: pid=509029874 rt=4.4 cnt=285
[09:51:07]   체크포인트 480/637, 누적 갱신 356
[09:52:38]   [500/637] 깐부치킨 삼성역점: pid=24012490 rt=4.3 cnt=82
[09:53:27]   체크포인트 510/637, 누적 갱신 382
[09:54:14]   [520/637] 동래복국: pid=7844122 rt=4.3 cnt=82
[09:55:45]   [540/637] 부산아지매국밥 삼성역점: pid=1229750113 rt=4.3 cnt=82
[09:55:45]   체크포인트 540/637, 누적 갱신 409
[09:58:00]   체크포인트 570/637, 누적 갱신 431
[09:58:48]   [580/637] 리김밥 코엑스점: pid=539213394 rt=4.4 cnt=285
[10:02:13]   체크포인트 630/637, 누적 갱신 465
[10:02:45]   ✓ samseong: 갱신 470개
[10:02:45] === jamsil: 의심 926개, 완료 0개 ===
[10:02:48]   [1/926] 압구정뽀글이: pid=561597840 rt=5.0 cnt=2
[10:02:53]   [2/926] 조조모모: pid=171171267 rt=3.7 cnt=3
[10:02:57]   [3/926] 청담동순도리 석촌호수점: pid=1664719100 rt=3.8 cnt=36
[10:03:02]   [4/926] 라코즈: pid=968536869 rt=5.0 cnt=2
[10:03:07]   [5/926] 쾌세라: pid=1146063580 rt=4.6 cnt=9
[10:05:38]   체크포인트 30/926, 누적 갱신 26
[10:06:24]   [40/926] 세이야: pid=788004442 rt=3.7 cnt=3
[10:07:45]   [60/926] 서아진 루프탑 송리단길점: pid=1926262880 rt=5.0 cnt=2
[10:07:45]   체크포인트 60/926, 누적 갱신 47
[10:09:11]   [80/926] 산고 스시바 방이본점: pid=885219187 rt=3.7 cnt=3
[10:09:48]   체크포인트 90/926, 누적 갱신 68
[10:11:55]   [120/926] 가츠몽 방이점: pid=819131459 rt=3.7 cnt=3
[10:11:55]   체크포인트 120/926, 누적 갱신 89
[10:13:21]   [140/926] 프레디버거 삼전점: pid=1529272751 rt=4.6 cnt=9
[10:14:08]   체크포인트 150/926, 누적 갱신 112
[10:14:54]   [160/926] 부자등심: pid=1929527945 rt=3.7 cnt=3
[10:16:22]   [180/926] 깃뽀 방이점: pid=529812023 rt=3.7 cnt=3
[10:16:22]   체크포인트 180/926, 누적 갱신 135
[10:17:44]   [200/926] 라디오헤드펍: pid=188105400 rt=3.7 cnt=3
[10:18:28]   체크포인트 210/926, 누적 갱신 158
[10:19:01]   [220/926] 박만배아리랑보쌈 잠실새내점: pid=593167750 rt=4.6 cnt=10
[10:20:27]   [240/926] 룰루베이글: pid=1090439521 rt=3.7 cnt=3
[10:20:27]   체크포인트 240/926, 누적 갱신 177
[10:21:57]   [260/926] 생마차 잠실새내점: pid=876864983 rt=4.6 cnt=10
[10:22:43]   체크포인트 270/926, 누적 갱신 203
[10:26:10]   [320/926] 토오코: pid=1394423297 rt=5.0 cnt=2
[10:26:53]   체크포인트 330/926, 누적 갱신 248
[10:27:31]   [340/926] 유키토리: pid=1576825700 rt=4.6 cnt=10
[10:29:00]   [360/926] 키친오브인디아: pid=27318998 rt=3.7 cnt=3
[10:29:00]   체크포인트 360/926, 누적 갱신 272
[10:30:31]   [380/926] 월간우주: pid=27264225 rt=4.6 cnt=10
[10:31:15]   체크포인트 390/926, 누적 갱신 301
[10:33:16]   [420/926] 브루클린더버거조인트 롯데월드몰점: pid=1550670859 rt=5.0 cnt=2
[10:33:16]   체크포인트 420/926, 누적 갱신 319
[10:34:48]   [440/926] 벼락가우리 신천점: pid=24787517 rt=4.6 cnt=10
[10:35:35]   체크포인트 450/926, 누적 갱신 348
[10:37:44]   [480/926] 미태리 잠실새내점: pid=1135861647 rt=4.6 cnt=10
[10:37:44]   체크포인트 480/926, 누적 갱신 369
[10:39:16]   [500/926] 시래마루: pid=27111197 rt=3.8 cnt=36
[10:40:04]   체크포인트 510/926, 누적 갱신 395
[10:40:51]   [520/926] 토시래 석촌점: pid=15893812 rt=3.8 cnt=36
[10:42:18]   체크포인트 540/926, 누적 갱신 419
[10:43:46]   [560/926] 진대감 방이점: pid=25010943 rt=3.7 cnt=3
[10:44:32]   체크포인트 570/926, 누적 갱신 442
[10:45:17]   [580/926] 안동집한우관: pid=2131500745 rt=5.0 cnt=2
[10:46:44]   [600/926] 롯데리아 몽촌토성역점: pid=1430867710 rt=3.7 cnt=3
[10:46:44]   체크포인트 600/926, 누적 갱신 466
[10:48:16]   [620/926] 후라토식당 잠실직영점: pid=1911888722 rt=5.0 cnt=2
[10:48:58]   체크포인트 630/926, 누적 갱신 493
[10:52:34]   [680/926] 대갈곱창&막창: pid=17063725 rt=5.0 cnt=2
[10:53:16]   체크포인트 690/926, 누적 갱신 537
[10:54:01]   [700/926] KFC 잠실롯데월드: pid=1074503253 rt=4.6 cnt=10
[10:55:28]   [720/926] 본죽 삼전동점: pid=7900414 rt=4.6 cnt=9
[10:55:28]   체크포인트 720/926, 누적 갱신 563
[10:56:47]   [740/926] 무교낙지해물탕: pid=7877089 rt=3.7 cnt=3
[10:57:35]   체크포인트 750/926, 누적 갱신 583
[10:58:18]   [760/926] 샐러디 잠실스타파크점: pid=671154619 rt=5.0 cnt=2
[10:59:40]   [780/926] 뭉치김밥: pid=519785476 rt=5.0 cnt=2
[10:59:40]   체크포인트 780/926, 누적 갱신 603
[11:00:55]   [800/926] 엠비뉴: pid=846698531 rt=4.6 cnt=10
[11:01:35]   체크포인트 810/926, 누적 갱신 622
[11:02:23]   [820/926] 니시카사이: pid=936314303 rt=5.0 cnt=2
[11:03:50]   [840/926] 몬스터삼겹살: pid=1105924764 rt=5.0 cnt=2
[11:03:50]   체크포인트 840/926, 누적 갱신 648
[11:05:13]   [860/926] 7번방 방이점: pid=1271393339 rt=3.7 cnt=3
[11:05:45]   체크포인트 870/926, 누적 갱신 663
[11:09:02]   [920/926] 파리바게뜨 잠실장미점: pid=8115276 rt=5.0 cnt=2
[11:09:22]   ✓ jamsil: 갱신 692개
[11:09:22] === pangyo: 의심 684개, 완료 0개 ===
[11:09:24]   [1/684] 서울베이글: pid=800156198 rt=4.4 cnt=65
[11:09:29]   [2/684] 이치규 아브뉴프랑 판교점: pid=663295258 rt=4.0 cnt=5
[11:09:33]   [3/684] 예술작품을 빚다 비즐돈까스: pid=586691934 rt=4.0 cnt=5
[11:09:38]   [4/684] 바차 판교점: pid=1346192854 rt=4.0 cnt=5
[11:09:43]   [5/684] 우상 화로구이 서판교점: pid=371650007 rt=3.0 cnt=40
[11:10:47]   [20/684] 느루집 판교아브뉴프랑점: pid=2080348225 rt=4.0 cnt=5
[11:11:32]   체크포인트 30/684, 누적 갱신 22
[11:12:12]   [40/684] 심양 판교점: pid=1669980718 rt=4.0 cnt=5
[11:13:35]   [60/684] 일편뎅심판교직영점: pid=1227427114 rt=4.0 cnt=5
[11:13:35]   체크포인트 60/684, 누적 갱신 42
[11:15:05]   [80/684] 정백선순대 판교역점: pid=881553746 rt=4.0 cnt=5
[11:15:41]   체크포인트 90/684, 누적 갱신 63
[11:16:25]   [100/684] 아티산마티니: pid=146365746 rt=3.0 cnt=40
[11:17:51]   [120/684] 양육점 판교점: pid=1317483427 rt=4.4 cnt=65
[11:17:51]   체크포인트 120/684, 누적 갱신 87
[11:19:15]   [140/684] 머내돌삼겹살: pid=12544888 rt=4.4 cnt=65
[11:19:58]   체크포인트 150/684, 누적 갱신 112
[11:20:39]   [160/684] 르메콩: pid=2122800044 rt=4.0 cnt=5
[11:22:06]   [180/684] 지직 판교점: pid=1320897127 rt=4.0 cnt=5
[11:22:06]   체크포인트 180/684, 누적 갱신 136
[11:23:38]   [200/684] 천하일품생대구탕: pid=15960206 rt=4.2 cnt=71
[11:24:26]   체크포인트 210/684, 누적 갱신 163
[11:25:08]   [220/684] 미미판교: pid=500636161 rt=4.0 cnt=5
[11:26:25]   [240/684] 참다운 정육식당 분당판교점: pid=1947089292 rt=3.0 cnt=40
[11:26:25]   체크포인트 240/684, 누적 갱신 181
[11:27:53]   [260/684] 골드피쉬얌차하우스: pid=1135675191 rt=4.0 cnt=5
[11:29:03]   [280/684] 업투유: pid=72879068 rt=4.0 cnt=5
[11:30:35]   [300/684] 빈티지1988: pid=17772351 rt=4.0 cnt=5
[11:30:35]   체크포인트 300/684, 누적 갱신 227
[11:32:47]   체크포인트 330/684, 누적 갱신 253
[11:33:23]   [340/684] 스타벅스 판교역로점: pid=27076123 rt=4.0 cnt=5
[11:34:53]   [360/684] 미쁜 선순대: pid=261535021 rt=4.0 cnt=5
[11:34:53]   체크포인트 360/684, 누적 갱신 277
[11:36:22]   [380/684] 미소한우소고기국밥: pid=1695403194 rt=4.0 cnt=5
[11:37:01]   체크포인트 390/684, 누적 갱신 302
[11:39:19]   [420/684] 속초종합어시장 서현점: pid=780351546 rt=4.3 cnt=208
[11:39:19]   체크포인트 420/684, 누적 갱신 331
[11:40:44]   [440/684] 더 키친 일뽀르노 현대백화점 판교점: pid=160554702 rt=4.4 cnt=65
[11:41:55]   [460/684] 서울만두 현대백화점 판교점: pid=1582216505 rt=4.4 cnt=65
[11:43:16]   [480/684] 경복궁 판교점: pid=22484388 rt=4.0 cnt=5
[11:43:16]   체크포인트 480/684, 누적 갱신 369
[11:45:24]   체크포인트 510/684, 누적 갱신 393
[11:46:09]   [520/684] 동청담: pid=27351405 rt=4.0 cnt=5
[11:48:58]   [560/684] 사쿠라테이엔 판교2호점: pid=478111300 rt=4.0 cnt=5
[11:49:38]   체크포인트 570/684, 누적 갱신 442
[11:51:31]   체크포인트 600/684, 누적 갱신 460
[11:52:47]   [620/684] 해물폭탄: pid=26484012 rt=4.4 cnt=28
[11:53:35]   체크포인트 630/684, 누적 갱신 480
[11:54:11]   [640/684] 헤이준쌀국수 판교알파돔점: pid=1623517348 rt=4.4 cnt=65
[11:55:32]   [660/684] 라홍방마라탕 서현역점: pid=523130237 rt=4.3 cnt=208
[11:55:32]   체크포인트 660/684, 누적 갱신 502
[11:57:16]   ✓ pangyo: 갱신 520개
[11:57:16] === yeongtong: 의심 535개, 완료 0개 ===
[11:57:18]   [1/535] 특별한 초밥: pid=1912917317 rt=4.1 cnt=14
[11:57:22]   [2/535] 샤브향 수원매탄점: pid=18351803 rt=4.8 cnt=171
[11:57:27]   [3/535] 오월의꽃수저: pid=1421515606 rt=4.0 cnt=151
[11:57:31]   [4/535] 더만족한식당: pid=1337483520 rt=3.3 cnt=7
[11:57:35]   [5/535] 양화돼교: pid=879510902 rt=4.8 cnt=171
[11:58:39]   [20/535] 마루테이블: pid=1610248618 rt=4.1 cnt=14
[11:59:16]   체크포인트 30/535, 누적 갱신 21
[11:59:55]   [40/535] 뭉텅 수원망포점: pid=135180822 rt=4.1 cnt=14
[12:03:17]   체크포인트 90/535, 누적 갱신 60
[12:03:59]   [100/535] 청우회관: pid=1226085170 rt=4.1 cnt=14
[12:05:19]   체크포인트 120/535, 누적 갱신 77
[12:06:38]   [140/535] 양심소 망포역점: pid=310370762 rt=4.1 cnt=14
[12:07:20]   체크포인트 150/535, 누적 갱신 96
[12:09:26]   [180/535] 공간상점 신동점: pid=980904762 rt=4.0 cnt=151
[12:09:26]   체크포인트 180/535, 누적 갱신 117
[12:10:54]   [200/535] 전주청기와감자탕 영통점: pid=1310690892 rt=4.1 cnt=14
[12:12:17]   [220/535] 세광양대창 망포점: pid=1866763642 rt=4.1 cnt=14
[12:13:46]   체크포인트 240/535, 누적 갱신 164
[12:15:31]   [260/535] 고반식당 수원영통구청점: pid=1775216751 rt=4.8 cnt=171
[12:16:13]   체크포인트 270/535, 누적 갱신 190
[12:16:57]   [280/535] 낭사이공: pid=573413621 rt=4.1 cnt=14
[12:19:54]   [320/535] 피자스쿨 매탄점: pid=8647319 rt=3.8 cnt=55
[12:21:23]   [340/535] 화성옥 수원영통점: pid=1601458694 rt=4.1 cnt=14
[12:22:52]   [360/535] 편백회관 영통점: pid=230500039 rt=4.1 cnt=14
[12:22:52]   체크포인트 360/535, 누적 갱신 264
[12:24:11]   [380/535] 원할머니보쌈족발 수원영통점: pid=1256718234 rt=4.1 cnt=14
[12:24:51]   체크포인트 390/535, 누적 갱신 280
[12:28:26]   [440/535] 써브웨이 수원영통점: pid=1198386118 rt=4.1 cnt=14
[12:29:05]   체크포인트 450/535, 누적 갱신 317
[12:29:48]   [460/535] BHC치킨 삼성디지털시티점: pid=1065257563 rt=4.8 cnt=171
[12:32:51]   체크포인트 510/535, 누적 갱신 341
[12:33:36]   [520/535] 돈곰: pid=501067081 rt=4.0 cnt=151
[12:34:31]   ✓ yeongtong: 갱신 352개
[12:34:31] === mangpo: 의심 259개, 완료 0개 ===
[12:34:37]   [2/259] 오월의꽃수저: pid=1421515606 rt=4.0 cnt=151
[12:34:42]   [3/259] 더만족한식당: pid=1337483520 rt=4.3 cnt=32
[12:34:47]   [4/259] 십년한우실비집 수원망포점: pid=1659225325 rt=4.1 cnt=14
[12:34:51]   [5/259] 오무란: pid=2023475089 rt=4.3 cnt=32
[12:35:02]   [8/259] 호니도니 망포점: pid=927515510 rt=4.3 cnt=32
[12:36:29]   체크포인트 30/259, 누적 갱신 16
[12:37:14]   [40/259] 아부지하면돼지: pid=1013400467 rt=4.3 cnt=32
[12:38:33]   [60/259] 한마음정육식당 영통점: pid=54092807 rt=4.1 cnt=14
[12:38:33]   체크포인트 60/259, 누적 갱신 35
[12:40:48]   체크포인트 90/259, 누적 갱신 57
[12:41:32]   [100/259] 남촌홍어: pid=1620387313 rt=3.4 cnt=43
[12:42:56]   [120/259] 마라영웅 신동점: pid=573885393 rt=4.0 cnt=151
[12:42:56]   체크포인트 120/259, 누적 갱신 77
[12:44:28]   [140/259] 강릉해변메밀막국수: pid=27454937 rt=3.4 cnt=43
[12:45:16]   체크포인트 150/259, 누적 갱신 104
[12:46:04]   [160/259] 하코야: pid=11910649 rt=4.1 cnt=14
[12:47:18]   [180/259] 양푼애등갈비 수원영통점: pid=693395556 rt=4.1 cnt=14
[12:47:18]   체크포인트 180/259, 누적 갱신 125
[12:48:33]   [200/259] 마라탕푸마라탕 곡반정점본점: pid=2071417794 rt=4.2 cnt=24
[12:49:07]   체크포인트 210/259, 누적 갱신 139
[12:49:42]   [220/259] KFC 수원망포점: pid=1658803351 rt=4.3 cnt=32
[12:51:04]   [240/259] 피자마루 수원망포점: pid=12526233 rt=4.3 cnt=32
[12:51:04]   체크포인트 240/259, 누적 갱신 160
[12:52:12]   ✓ mangpo: 갱신 165개
[12:52:12] === yeongtongGu: 의심 409개, 완료 0개 ===
[12:52:14]   [1/409] 샤브향 수원매탄점: pid=18351803 rt=4.8 cnt=171
[12:52:19]   [2/409] 양화돼교: pid=879510902 rt=4.8 cnt=171
[12:52:24]   [3/409] 오월의꽃수저: pid=1421515606 rt=4.0 cnt=151
[12:52:40]   [7/409] 태백상회 인계본점: pid=1593391650 rt=4.6 cnt=114
[12:52:44]   [8/409] 사천양양훠궈 본점: pid=973754421 rt=4.6 cnt=114
[12:54:19]   체크포인트 30/409, 누적 갱신 16
[12:57:31]   [80/409] 그린포유 인계점: pid=1684066366 rt=4.6 cnt=114
[12:58:48]   [100/409] 설로인: pid=1474155920 rt=4.8 cnt=171
[13:00:19]   [120/409] 봉자막창 수원망포점: pid=344830043 rt=4.0 cnt=151
[13:00:19]   체크포인트 120/409, 누적 갱신 61
[13:01:46]   [140/409] 웨이컬리: pid=1757754336 rt=4.8 cnt=171
[13:02:32]   체크포인트 150/409, 누적 갱신 86
[13:03:12]   [160/409] 아장아장 아빠가만든전복장: pid=107570791 rt=4.0 cnt=151
[13:04:38]   [180/409] 용인전통순대국 매탄점: pid=26840915 rt=4.8 cnt=171
[13:04:38]   체크포인트 180/409, 누적 갱신 104
[13:04:57]     kakao err 식구: <urlopen error _ssl.c:1112: The handshake operation timed out>
[13:06:21]   [200/409] 사케바 란: pid=668927353 rt=4.6 cnt=114
[13:07:09]   체크포인트 210/409, 누적 갱신 124
[13:08:00]   [220/409] 오늘초밥 인계본점: pid=683988899 rt=4.6 cnt=114
[13:09:31]   [240/409] 육풍당당: pid=133241612 rt=4.8 cnt=171
[13:09:31]   체크포인트 240/409, 누적 갱신 143
[13:11:10]   [260/409] 어펙트커피: pid=846611505 rt=4.8 cnt=171
[13:11:48]   체크포인트 270/409, 누적 갱신 164
[13:12:38]   [280/409] 고가김밥: pid=361007169 rt=4.8 cnt=171
[13:16:39]   체크포인트 330/409, 누적 갱신 198
[13:19:01]   [360/409] 가마치통닭 매탄점: pid=1304121716 rt=4.8 cnt=171
[13:19:01]   체크포인트 360/409, 누적 갱신 210
[13:20:31]   [380/409] 동해바다: pid=17285485 rt=4.8 cnt=171
[13:21:10]   체크포인트 390/409, 누적 갱신 224
[13:21:56]   [400/409] 바르다김선생 영통구청점: pid=27194448 rt=4.8 cnt=171
[13:22:32]   ✓ yeongtongGu: 갱신 228개
[13:22:32] === suji: 의심 660개, 완료 0개 ===
[13:22:36]   [1/660] 미가훠궈양고기: pid=12065307 rt=4.0 cnt=455
[13:22:43]   [3/660] 짚불태백 용인수지점: pid=2059289362 rt=4.0 cnt=455
[13:23:01]   [7/660] 내인생최고의족발 수지직영점: pid=1948842226 rt=4.0 cnt=455
[13:23:14]   [10/660] 핵밥 수지구청점: pid=215595062 rt=4.0 cnt=455
[13:23:19]   [11/660] 차이니즈퀴진유 용인본점: pid=938779096 rt=3.7 cnt=14
[13:24:43]   체크포인트 30/660, 누적 갱신 15
[13:28:29]   [80/660] 뚱보풍천장어마을 2호점: pid=1687247561 rt=4.0 cnt=455
[13:29:17]   체크포인트 90/660, 누적 갱신 55
[13:30:10]   [100/660] 끼니공방 수지동천점: pid=281441681 rt=4.0 cnt=455
[13:31:46]   [120/660] K브런치 레아: pid=21521197 rt=4.0 cnt=455
[13:31:46]   체크포인트 120/660, 누적 갱신 72
[13:35:08]   [160/660] 가진항: pid=13333155 rt=3.9 cnt=193
[13:38:25]   [200/660] 죽변항자매막회: pid=1894759800 rt=4.0 cnt=455
[13:39:16]   체크포인트 210/660, 누적 갱신 129
[13:40:09]   [220/660] 투썸플레이스 수지외식타운점: pid=115461638 rt=4.0 cnt=455
[13:41:52]   [240/660] 파스쿠찌 성남물빛정원점: pid=677507288 rt=3.9 cnt=193
[13:41:52]   체크포인트 240/660, 누적 갱신 151
[13:43:30]   [260/660] 모토이시 용인보정점: pid=543939036 rt=3.9 cnt=123
[13:44:26]   체크포인트 270/660, 누적 갱신 173
[13:48:39]   [320/660] 깐부치킨 수지구청점: pid=24328513 rt=4.0 cnt=455
[13:50:18]   [340/660] 프랭크버거 용인동천점: pid=2035264662 rt=4.1 cnt=422
[13:52:03]   체크포인트 360/660, 누적 갱신 228
[13:53:44]   [380/660] 한솥도시락 수지도서관점: pid=14597344 rt=4.0 cnt=455
[13:54:36]   체크포인트 390/660, 누적 갱신 249
[13:55:23]   [400/660] 만천하횟집: pid=1033019795 rt=4.1 cnt=422
[13:56:58]   [420/660] 손큰할매순대국 오리역점: pid=22401228 rt=3.9 cnt=193
[13:56:58]   체크포인트 420/660, 누적 갱신 268
[13:58:39]   [440/660] 신전떡볶이 수지구청점: pid=1926078146 rt=4.0 cnt=455
[13:59:21]   체크포인트 450/660, 누적 갱신 289
[14:00:04]   [460/660] 미존 떡볶이: pid=26514198 rt=4.0 cnt=455
[14:03:49]   체크포인트 510/660, 누적 갱신 321
[14:05:56]   체크포인트 540/660, 누적 갱신 334
[14:08:28]   체크포인트 570/660, 누적 갱신 349
[14:13:37]   [660/660] 9900아구찜: pid=781414840 rt=4.0 cnt=455
[14:13:37]   체크포인트 660/660, 누적 갱신 365
[14:13:39]   ✓ suji: 갱신 365개
[14:13:39] === gangnam: 의심 275개, 완료 0개 ===
[14:13:42]   [1/275] 82올리언즈 강남점: pid=1317454430 rt=4.8 cnt=62
[14:13:48]   [3/275] 플랫나인: pid=1522254344 rt=3.2 cnt=19
[14:13:53]   [4/275] 고베규카츠 서울 강남점: pid=1781227506 rt=4.8 cnt=62
[14:14:00]   [6/275] 팔도밀방 강남본점: pid=905303861 rt=4.8 cnt=62
[14:14:06]   [7/275] 정희 강남역점: pid=2060288340 rt=4.8 cnt=62
[14:15:10]   [20/275] 더막창스 강남본점: pid=21440993 rt=3.2 cnt=19
[14:15:54]   체크포인트 30/275, 누적 갱신 20
[14:16:48]   [40/275] 전설의우대갈비 강남직영점: pid=97723360 rt=4.8 cnt=62
[14:18:13]   [60/275] 문익점: pid=1364482509 rt=4.8 cnt=62
[14:18:13]   체크포인트 60/275, 누적 갱신 38
[14:20:29]   체크포인트 90/275, 누적 갱신 56
[14:23:02]   [120/275] 초선과여포: pid=8097973 rt=3.2 cnt=19
[14:23:02]   체크포인트 120/275, 누적 갱신 80
[14:25:18]   체크포인트 150/275, 누적 갱신 97
[14:26:08]   [160/275] 코지하우스 강남역본점: pid=1420097464 rt=4.8 cnt=62
[14:27:47]   체크포인트 180/275, 누적 갱신 120
[14:29:24]   [200/275] 레뽀드라라 강남점: pid=1586942536 rt=4.8 cnt=62
[14:30:15]   체크포인트 210/275, 누적 갱신 143
[14:34:23]   [260/275] 황해도족발보쌈: pid=517080124 rt=4.8 cnt=62
[14:35:12]   체크포인트 270/275, 누적 갱신 181
[14:35:26]   ✓ gangnam: 갱신 181개
[14:35:26] === 완료 ===
