[22:08:53] === enrich-reviews 시작: all ===
[22:08:53] 초기 60초 대기 (429 차단 회피)
[22:09:53] === samseong: 대상 752개 ===
[22:09:54]   [1/752] 논두렁오리주물럭 선릉직영점: 7개
[22:10:00]   [2/752] 회초리씨푸드 대치점: 5개
[22:10:05]   [3/752] 바오로흑염소 선릉점: 5개
[22:12:24]   [30/752] 언더라인: 8개
[22:15:01]   [60/752] 소이연남 스타필드 코엑스몰점: 1개
[22:17:40]   [90/752] 미노센: 2개
[22:18:34]   체크포인트 100/752 갱신 94
[22:20:19]   [120/752] 커피바 힘: 1개
[22:22:56]   [150/752] 르뱅룰즈 선릉점: 3개
[22:22:56]   체크포인트 150/752 갱신 143
[22:25:31]   [180/752] 김인복의광평 삼성본점: 5개
[22:27:18]   체크포인트 200/752 갱신 188
[22:28:11]   [210/752] 슬로우캘리 삼성점: 1개
[22:30:45]   [240/752] 37.5 시그니처 청담점: 8개
[22:31:37]   체크포인트 250/752 갱신 233
[22:33:16]   [270/752] 김피라 스타필드 코엑스점: 2개
[22:38:25]   [330/752] 미아리 우동집 대치동점: 1개
[22:40:05]   체크포인트 350/752 갱신 321
[22:40:56]   [360/752] 방배김밥: 4개
[22:46:11]   [420/752] 더플레이스 스타필드 코엑스점: 4개
[22:48:45]   [450/752] 웰컴투순대국: 2개
[22:48:45]   체크포인트 450/752 갱신 411
[22:51:19]   [480/752] 자이온 대치점: 3개
[22:53:07]   체크포인트 500/752 갱신 456
[22:53:55]   [510/752] 양심장어 삼성역점: 8개
[22:56:29]   [540/752] 그랜드 인터컨티넨탈 히노츠키: 3개
[22:57:20]   체크포인트 550/752 갱신 500
[22:59:04]   [570/752] 봉산집 삼성동점: 1개
[23:01:37]   [600/752] 전주순대국: 3개
[23:01:37]   체크포인트 600/752 갱신 541
[23:04:19]   [630/752] 담소소사골순대육개장 삼성1호점: 1개
[23:06:08]   체크포인트 650/752 갱신 585
[23:07:02]   [660/752] 사이공본가 대치점: 3개
[23:09:39]   [690/752] 오비어밤: 1개
[23:12:20]   [720/752] 본도시락 대치은마점: 1개
[23:14:58]   [750/752] 윤식당: 4개
[23:14:58]   체크포인트 750/752 갱신 667
[23:15:13]   ✓ samseong: 갱신 669개
[23:15:13] === jamsil: 대상 755개 ===
[23:15:15]   [1/755] 압구정뽀글이: 2개
[23:15:20]   [2/755] 청담동순도리 석촌호수점: 1개
[23:15:26]   [3/755] 쾌세라: 3개
[23:17:46]   [30/755] 스시 이백: 2개
[23:19:31]   체크포인트 50/755 갱신 49
[23:20:25]   [60/755] 88샤브: 2개
[23:22:54]   [90/755] 솔직한우 잠실점: 8개
[23:23:47]   체크포인트 100/755 갱신 93
[23:25:31]   [120/755] 대패감성 잠실본점: 2개
[23:28:07]   [150/755] 도산 김밥: 4개
[23:28:07]   체크포인트 150/755 갱신 138
[23:32:22]   체크포인트 200/755 갱신 181
[23:35:50]   [240/755] 조선육회 잠실점: 5개
[23:36:42]   체크포인트 250/755 갱신 222
[23:38:25]   [270/755] 월간우주: 5개
[23:40:54]   [300/755] 수가성: 2개
[23:40:54]   체크포인트 300/755 갱신 271
[23:43:26]   [330/755] 스시우미 잠실: 3개
[23:45:07]   체크포인트 350/755 갱신 318
[23:45:59]   [360/755] 잊힐리야 잠실새내: 4개
[23:48:30]   [390/755] 맘스터치 잠실1호점: 1개
[23:49:23]   체크포인트 400/755 갱신 362
[23:51:07]   [420/755] 큰기와집 잠실점: 1개
[23:53:32]   [450/755] 공씨네한방족발 잠실새마을시장: 1개
[23:53:32]   체크포인트 450/755 갱신 405
[23:55:57]   [480/755] 바다회상 잠실점: 4개
[23:57:36]   체크포인트 500/755 갱신 448
[23:58:23]   [510/755] 오매가매 잠실점: 2개
[00:00:59]   [540/755] 모던파머스: 1개
[00:01:48]   체크포인트 550/755 갱신 493
[00:03:30]   [570/755] 오륜명동칼국수: 1개
[00:05:58]   [600/755] 원할머니국수보쌈 제2롯데월드몰직영점: 5개
[00:05:58]   체크포인트 600/755 갱신 535
[00:10:16]   체크포인트 650/755 갱신 580
[00:11:06]   [660/755] 고래주방 잠실점: 1개
[00:13:41]   [690/755] 오한수 우육면가 잠실점: 2개
[00:14:31]   체크포인트 700/755 갱신 618
[00:16:07]   [720/755] 본죽&비빔밥 잠실역지하상가점: 1개
[00:19:06]   ✓ jamsil: 갱신 663개
[00:19:06] === pangyo: 대상 383개 ===
[00:19:07]   [1/383] 서울베이글: 5개
[00:19:13]   [2/383] 예술작품을 빚다 비즐돈까스: 8개
[00:19:17]   [3/383] 우상 화로구이 서판교점: 3개
[00:21:37]   [30/383] 후토루 판교점: 6개
[00:23:21]   체크포인트 50/383 갱신 46
[00:24:11]   [60/383] 근성순대 현대백화점 판교점: 1개
[00:27:35]   체크포인트 100/383 갱신 92
[00:29:14]   [120/383] 두둑26 판교직영점: 6개
[00:31:42]   [150/383] 서호돈가스: 1개
[00:31:42]   체크포인트 150/383 갱신 137
[00:34:17]   [180/383] 너와집 백합 샤브샤브 백현점: 8개
[00:35:57]   체크포인트 200/383 갱신 184
[00:36:50]   [210/383] 코트야드 메리어트 서울 판교 모모카페: 3개
[00:40:18]   체크포인트 250/383 갱신 230
[00:42:04]   [270/383] 다원 중국요리전문점: 8개
[00:44:36]   [300/383] 하코야 판교우림W시티점: 2개
[00:44:36]   체크포인트 300/383 갱신 272
[00:47:02]   [330/383] 더라멘워 현대백화점 판교점: 2개
[00:48:41]   체크포인트 350/383 갱신 312
[00:49:32]   [360/383] 라홍방마라탕 서현역점: 5개
[00:51:33]   ✓ pangyo: 갱신 341개
[00:51:34] === yeongtong: 대상 234개 ===
[00:51:35]   [1/234] 밥앤스낵 매탄점: 1개
[00:51:44]   [3/234] 움버거앤윙스 수원영통점: 2개
[00:51:48]   [4/234] 마루테이블: 1개
[00:53:58]   [30/234] 탕화쿵푸마라탕 매탄점: 1개
[00:55:33]   체크포인트 50/234 갱신 39
[00:56:23]   [60/234] 통통족발: 2개
[00:58:55]   [90/234] 전국5대짬뽕연화산: 1개
[00:59:44]   체크포인트 100/234 갱신 83
[01:01:22]   [120/234] 맘스터치 수원매탄2호점: 1개
[01:08:10]   체크포인트 200/234 갱신 157
[01:08:58]   [210/234] 미뜨레피자 수원매탄본점: 1개
[01:10:51]   ✓ yeongtong: 갱신 179개
[01:10:51] === mangpo: 대상 111개 ===
[01:10:52]   [1/111] 오늘의커피: 2개
[01:10:56]   [2/111] 하이하이디 신동카페거리점: 4개
[01:11:00]   [3/111] 버거플리: 2개
[01:13:12]   [30/111] 민속왕순대: 3개
[01:14:49]   체크포인트 50/111 갱신 37
[01:15:38]   [60/111] 얌샘김밥 수원망포포레스퀘어점: 2개
[01:18:50]   체크포인트 100/111 갱신 75
[01:19:42]   ✓ mangpo: 갱신 81개
[01:19:43] === yeongtongGu: 대상 411개 ===
[01:19:44]   [1/411] 탄향1965 매탄점: 2개
[01:19:58]   [4/411] 오젬므: 1개
[01:20:02]   [5/411] 미가쌀국수 수원인계본점: 4개
[01:22:04]   [30/411] 정직회: 8개
[01:23:41]   체크포인트 50/411 갱신 42
[01:24:28]   [60/411] 청록미나리식당 수원인계점: 1개
[01:27:01]   [90/411] 라루치아 본점: 1개
[01:27:48]   체크포인트 100/411 갱신 89
[01:29:21]   [120/411] 카페어닷: 1개
[01:31:48]   [150/411] 운멜로 4호점: 2개
[01:31:48]   체크포인트 150/411 갱신 136
[01:34:15]   [180/411] 청우: 3개
[01:35:54]   체크포인트 200/411 갱신 181
