[16:37:58] === enrich-images-batch 시작: all ===
[16:37:58] === samseong: 이미지 보강 대상 0개 ===
[16:37:58]   ✓ samseong: 0개 갱신
[16:37:58] === jamsil: 이미지 보강 대상 0개 ===
[16:37:58]   ✓ jamsil: 0개 갱신
[16:37:58] === pangyo: 이미지 보강 대상 0개 ===
[16:37:58]   ✓ pangyo: 0개 갱신
[16:37:58] === yeongtong: 이미지 보강 대상 0개 ===
[16:37:58]   ✓ yeongtong: 0개 갱신
[16:37:58] === mangpo: 이미지 보강 대상 0개 ===
[16:37:58]   ✓ mangpo: 0개 갱신
[16:37:58] === yeongtongGu: 이미지 보강 대상 0개 ===
[16:37:58]   ✓ yeongtongGu: 0개 갱신
[16:37:58] === suji: 이미지 보강 대상 42개 ===
[16:38:00]   [1/42] 리틀사이공 롯데몰 수지점: 이미지 4개
[16:38:02]   [2/42] 이수사: 이미지 4개
[16:38:04]   [3/42] 막창이네: 이미지 4개
[16:38:42]   [20/42] 광어나라: 이미지 4개
[16:39:09]   체크포인트 30/42 갱신 30
[16:39:34]   [40/42] 불타는곱창(수지점): 이미지 4개
[16:39:41]   ✓ suji: 42개 갱신
[16:39:41] === gangnam: 이미지 보강 대상 4개 ===
[16:39:43]   [1/4] 신촌설렁탕 강남역점: 이미지 4개
[16:39:45]   [2/4] 화정곰탕: 이미지 4개
[16:39:47]   [3/4] 왕산골 뽕나무쟁이: 이미지 4개
[16:39:50]   ✓ gangnam: 4개 갱신
[16:39:50] === 완료 ===
